Determining if the pthread_create exist failed with the following output:
Change Dir: /home/hdplsa/catkin_ws/build/CMakeFiles/CMakeTmp

Run Build Command:/usr/bin/make "cmTryCompileExec663170606/fast"
/usr/bin/make -f CMakeFiles/cmTryCompileExec663170606.dir/build.make CMakeFiles/cmTryCompileExec663170606.dir/build
make[1]: Entering directory `/home/hdplsa/catkin_ws/build/CMakeFiles/CMakeTmp'
/usr/bin/cmake -E cmake_progress_report /home/hdplsa/catkin_ws/build/CMakeFiles/CMakeTmp/CMakeFiles 1
Building C object CMakeFiles/cmTryCompileExec663170606.dir/CheckSymbolExists.c.o
/usr/bin/cc    -o CMakeFiles/cmTryCompileExec663170606.dir/CheckSymbolExists.c.o   -c /home/hdplsa/catkin_ws/build/CMakeFiles/CMakeTmp/CheckSymbolExists.c
Linking C executable cmTryCompileExec663170606
/usr/bin/cmake -E cmake_link_script CMakeFiles/cmTryCompileExec663170606.dir/link.txt --verbose=1
/usr/bin/cc       CMakeFiles/cmTryCompileExec663170606.dir/CheckSymbolExists.c.o  -o cmTryCompileExec663170606 -rdynamic 
CMakeFiles/cmTryCompileExec663170606.dir/CheckSymbolExists.c.o: In function `main':
CheckSymbolExists.c:(.text+0x16): undefined reference to `pthread_create'
collect2: error: ld returned 1 exit status
make[1]: *** [cmTryCompileExec663170606] Error 1
make[1]: Leaving directory `/home/hdplsa/catkin_ws/build/CMakeFiles/CMakeTmp'
make: *** [cmTryCompileExec663170606/fast] Error 2

File /home/hdplsa/catkin_ws/build/CMakeFiles/CMakeTmp/CheckSymbolExists.c:
/* */
#include <pthread.h>

int main(int argc, char** argv)
{
  (void)argv;
#ifndef pthread_create
  return ((int*)(&pthread_create))[argc];
#else
  (void)argc;
  return 0;
#endif
}

Determining if the function pthread_create exists in the pthreads failed with the following output:
Change Dir: /home/hdplsa/catkin_ws/build/CMakeFiles/CMakeTmp

Run Build Command:/usr/bin/make "cmTryCompileExec2451110647/fast"
/usr/bin/make -f CMakeFiles/cmTryCompileExec2451110647.dir/build.make CMakeFiles/cmTryCompileExec2451110647.dir/build
make[1]: Entering directory `/home/hdplsa/catkin_ws/build/CMakeFiles/CMakeTmp'
/usr/bin/cmake -E cmake_progress_report /home/hdplsa/catkin_ws/build/CMakeFiles/CMakeTmp/CMakeFiles 1
Building C object CMakeFiles/cmTryCompileExec2451110647.dir/CheckFunctionExists.c.o
/usr/bin/cc   -DCHECK_FUNCTION_EXISTS=pthread_create   -o CMakeFiles/cmTryCompileExec2451110647.dir/CheckFunctionExists.c.o   -c /usr/share/cmake-2.8/Modules/CheckFunctionExists.c
Linking C executable cmTryCompileExec2451110647
/usr/bin/cmake -E cmake_link_script CMakeFiles/cmTryCompileExec2451110647.dir/link.txt --verbose=1
/usr/bin/cc   -DCHECK_FUNCTION_EXISTS=pthread_create    CMakeFiles/cmTryCompileExec2451110647.dir/CheckFunctionExists.c.o  -o cmTryCompileExec2451110647 -rdynamic -lpthreads 
/usr/bin/ld: cannot find -lpthreads
collect2: error: ld returned 1 exit status
make[1]: *** [cmTryCompileExec2451110647] Error 1
make[1]: Leaving directory `/home/hdplsa/catkin_ws/build/CMakeFiles/CMakeTmp'
make: *** [cmTryCompileExec2451110647/fast] Error 2


