Determining if the pthread_create exist failed with the following output:
Change Dir: /home/ubuntu/Documents/SA-11/src/test/CMakeFiles/CMakeTmp

Run Build Command:/usr/bin/make "cmTryCompileExec2661060557/fast"
/usr/bin/make -f CMakeFiles/cmTryCompileExec2661060557.dir/build.make CMakeFiles/cmTryCompileExec2661060557.dir/build
make[1]: Entering directory `/home/ubuntu/Documents/SA-11/src/test/CMakeFiles/CMakeTmp'
/usr/bin/cmake -E cmake_progress_report /home/ubuntu/Documents/SA-11/src/test/CMakeFiles/CMakeTmp/CMakeFiles 1
Building C object CMakeFiles/cmTryCompileExec2661060557.dir/CheckSymbolExists.c.o
/usr/bin/cc    -o CMakeFiles/cmTryCompileExec2661060557.dir/CheckSymbolExists.c.o   -c /home/ubuntu/Documents/SA-11/src/test/CMakeFiles/CMakeTmp/CheckSymbolExists.c
Linking C executable cmTryCompileExec2661060557
/usr/bin/cmake -E cmake_link_script CMakeFiles/cmTryCompileExec2661060557.dir/link.txt --verbose=1
/usr/bin/cc       CMakeFiles/cmTryCompileExec2661060557.dir/CheckSymbolExists.c.o  -o cmTryCompileExec2661060557 -rdynamic 
CMakeFiles/cmTryCompileExec2661060557.dir/CheckSymbolExists.c.o: In function `main':
CheckSymbolExists.c:(.text+0x16): undefined reference to `pthread_create'
collect2: error: ld returned 1 exit status
make[1]: Leaving directory `/home/ubuntu/Documents/SA-11/src/test/CMakeFiles/CMakeTmp'
make[1]: *** [cmTryCompileExec2661060557] Error 1
make: *** [cmTryCompileExec2661060557/fast] Error 2

File /home/ubuntu/Documents/SA-11/src/test/CMakeFiles/CMakeTmp/CheckSymbolExists.c:
/* */
#include <pthread.h>

int main(int argc, char** argv)
{
  (void)argv;
#ifndef pthread_create
  return ((int*)(&pthread_create))[argc];
#else
  (void)argc;
  return 0;
#endif
}

Determining if the function pthread_create exists in the pthreads failed with the following output:
Change Dir: /home/ubuntu/Documents/SA-11/src/test/CMakeFiles/CMakeTmp

Run Build Command:/usr/bin/make "cmTryCompileExec2549820205/fast"
/usr/bin/make -f CMakeFiles/cmTryCompileExec2549820205.dir/build.make CMakeFiles/cmTryCompileExec2549820205.dir/build
make[1]: Entering directory `/home/ubuntu/Documents/SA-11/src/test/CMakeFiles/CMakeTmp'
/usr/bin/cmake -E cmake_progress_report /home/ubuntu/Documents/SA-11/src/test/CMakeFiles/CMakeTmp/CMakeFiles 1
Building C object CMakeFiles/cmTryCompileExec2549820205.dir/CheckFunctionExists.c.o
/usr/bin/cc   -DCHECK_FUNCTION_EXISTS=pthread_create   -o CMakeFiles/cmTryCompileExec2549820205.dir/CheckFunctionExists.c.o   -c /usr/share/cmake-2.8/Modules/CheckFunctionExists.c
Linking C executable cmTryCompileExec2549820205
/usr/bin/cmake -E cmake_link_script CMakeFiles/cmTryCompileExec2549820205.dir/link.txt --verbose=1
/usr/bin/cc   -DCHECK_FUNCTION_EXISTS=pthread_create    CMakeFiles/cmTryCompileExec2549820205.dir/CheckFunctionExists.c.o  -o cmTryCompileExec2549820205 -rdynamic -lpthreads 
/usr/bin/ld: cannot find -lpthreads
collect2: error: ld returned 1 exit status
make[1]: *** [cmTryCompileExec2549820205] Error 1
make[1]: Leaving directory `/home/ubuntu/Documents/SA-11/src/test/CMakeFiles/CMakeTmp'
make: *** [cmTryCompileExec2549820205/fast] Error 2


